8323619
28639728
43351331
2187566
8428269
21332132
1877163
27025302
9032531
37830043
11470111
14798607
15860715
12249402
30571827
26786742
26251356
2109592
26828459
13874601
13322888
10072698
31186898
8283397
16867337
29789519
22264538
30271343
18471240
20900724
5991427
38420183
11143074
24998353
15385845
17235055
24217998
11349864
16815638
25976319
16293257
21795193
24979741
22243048
42676996
81548
13759666
15532515
738062
18594777
12697197
21647516
18909975
5045320
11496692
23212441
24209938
9844570
496628
19220773
31657523
13166329
24031345
25737940
22525528
29773948
23600939
12739976
6696551
5747856
9755305
18767419
4982544
5127201
7338724
23256538
32789908
13965939
3130069
7765526
26534744
13683920
761314
4913728
15679979
7768974
7740258
8890498
9648641
8082524
18704027
18123594
6258585
9686053
29772939
-95428
7150396
2859099
2992644
-1000088
24400861
40876150
22421337
14859920
10994905
32021206
38267948
41575086
4542952
17616809
37048032
3979094
31110690
20505659
11034460
21875238
3323930
19584301
25829156
3719658
17152624
18839842
3699759
31815727
31289040
-131623
3033327
1694752
10338814
38535535
14470960
7958434
34891716
11912595
31449140
38899102
1054963
32278571
7409894
20081727
7279460
16959621
13043122
28372750
5571309
3989961
4915831
38929101
8859827
7168553
10785177
2679586
21284618
10216986
1604360
15594102
6150177
10973570
13758020
1180059
35042659
28189242
8284797
1918669
17107665
2551744
36450174
30989007
16530681
8302500
5046177
16707506
21046785
3517258
6231848
34383950
7972134
21203187
12420418
38122372
22152192
6570757
31026360
46763963
4816186
7306161
2728661
22655104
8758537
38479898
1562274
28800525
26657120
21807785
13875851
3412916
30951774
5600849
17102296
34306762
42790604
9843743
17839102
4907742
6198032
3116121
20108611
30921255
492112
21369820
8938931
3054778
12186219
19671801
29381203
18646929
13493876
20835835
5855704
7238717
35525859
2981598
379318
9253427
34263338
14179141
32543833
454512
31631361
19334847
34505563
15206514
12214119
455732
13574234
33404608
24199829
7371500
-1650131
37789999
8065921
18543652
7811241
38636120
34929772
26625686
7069033
2059541
15440653
