965819
965819
965819
884365
916715
965819
884365
965819
965819
1316384
955565
965819
1316384
1458845
916715
1435467
1458845
955565
1435467
1732657
1732657
965819
955565
1121921
1732657
255959
1732657
1121921
1121921
965819
1732657
1732657
1223669
1732657
916715
1121921
1121921
1458845
1384441
1223669
1384441
952726
1732657
1472243
1732657
952726
1732657
1732657
898678
1384441
1121921
1732657
1732657
1732657
1121921
1223669
1732657
1732657
1732657
1223669
1986174
1732657
1986174
1223669
1986174
1472243
1986174
965819
1986174
1986174
1384441
1986174
826441
255959
884365
2439069
1953702
1953702
2439069
1223669
1121921
1953702
1732657
2439069
1121921
1953702
1953702
923825
1099246
2439069
1223669
1953702
2439069
2439069
1953702
1223669
2439069
1953702
2439069
1223669
2439069
2439069
2439069
1953702
2439069
1223669
1136570
1516373
1472243
2439069
2439069
2439069
1953702
2439069
1472243
1516373
2439069
1953702
1516373
2439069
1350168
1953702
1953702
2439069
1350168
2439069
1197241
1953702
2439069
1732657
2439069
1732657
1412549
2439069
1732657
1732657
2439069
1516373
1732657
2439069
2439069
1870998
2439069
2439069
829614
1953702
2439069
2439069
1516373
2439069
1953702
2439069
2439069
2439069
1870998
2439069
2439069
1870998
1870998
2439069
1625172
1727714
1625172
0
1513534
1953702
2439069
2439069
2439069
1953702
888637
2439069
1215400
2439069
2439069
2439069
2439069
2439069
1472243
2439069
2439069
2439069
1240211
1625172
1625172
1625172
1350168
1953702
2439069
1953702
2439069
2439069
824366
2549607
2439069
2439069
1577592
2439069
2549607
2439069
1612811
2439069
1625172
1472243
2439069
1350168
1953702
1953702
2439069
2439069
1953702
1475417
2439069
2439069
2439069
1953702
1953702
2439069
1953702
2549607
1724570
2439069
1472243
1577592
1223669
1625172
477127
2549607
2439069
2016876
2549607
2439069
2549607
2207188
1475417
2549607
2549607
1625172
1254432
2549607
1625172
