27941360427
24949501311
12653105155
24663167912
34994389336
4805160593
32687530559
17344888161
5385985906
3052184948
1737250212
23962735938
983598648
23268365180
23197914554
12355053393
14755330358
38302628724
15734016247
14921247520
6050889910
29911406355
1960416536
5384297342
21879790828
29853239624
10050729987
7153838443
8567973493
23183854157
26085673531
9831135021
10680757455
2879349235
21072792993
9522567782
4445381613
37490726082
29838586067
29909446813
22681116380
26276378
10878470123
7574225238
20698593423
25509520431
6935666200
89158427
80267645
29306488367
13599230135
1739793833
34250903576
19875599147
7660967544
7793470702
7139207705
12048150265
14722912965
8816828845
8471486594
8175729378
22156330311
5422158711
40077369611
6287842936
35902413551
310723315
4439610743
434476131
27854765814
43663464653
30785269417
40335811727
28243120774
14106664551
21524884209
31975010764
9571409903
19687141872
29923919409
8524640933
21289317283
17583214389
16531694869
16628639902
37956860334
20525942631
6089893682
15913702743
28383222504
31469351784
1756436656
6374457543
35741640761
23773706267
15234098810
22238119545
22360787259
39430839087
7367657025
7710169262
17657244074
4934825774
19412961679
20651084945
2607898210
5326613898
23980630464
14445102128
11699267410
20347208817
27477005078
4890687173
8212683475
12993341106
2837007555
187248092
1096603956
24438867170
5722201686
15434521660
38860670486
3689688578
31303725046
260532108
5711953729
9726581674
23875022695
19704610433
7947331520
10477396158
6972371617
12485527192
38024999566
30110353712
14975150028
4534362287
37001582445
4653937234
31726931945
7904473147
3035392443
13069391606
3817138719
33983747952
35839607965
16289315789
1540787307
9064572412
37116208405
17112809063
27326773205
471859857
29651015191
1198497053
18628252299
15722510841
651799964
9130589985
1932598480
42347631847
2677334126
7968544246
41156512779
12917729556
24677974644
10069417263
14603796274
22007345764
3746231468
5871459699
10472339595
7912077063
4499316675
17642596444
18404045899
4389683340
4307769910
11828639099
25819611547
10307852640
25035756197
3641056663
17581249223
26785547988
20356141526
8288617644
31794050386
4216370031
4368222432
21503013077
6412160673
13129036269
17120581576
19654313907
15961022646
8794997384
1511426021
11541841871
44449903615
29133716017
33339728884
17206364397
22711494155
16581371447
10710153398
14924603277
9890690370
21725427753
17764333384
15531484213
2117283746
34823727067
1865224796
27891143416
9571984202
25168548711
9003603058
19853328309
3769792605
33197058255
23877571141
12994964551
2208877780
19970573696
10845271531
1423444547
11285694143
7219233682
16830966941
37311309576
790577913
11089512099
18146049157
671078534
19473003806
10542991913
7641919638
21832134305
2416239203
33384314101
3298202407
33638304966
26772969046
12146530487
5128843976
42598776564
6277445872
428136934
35137641362
13015299228
10108364196
38192777711
11392328267
27587450337
23693407190
22031710845
26706070243
20259526503
15229117677
159353187
26866071864
31291923925
27111098206
14729469594
12496579388
44950447052
2460618503
32517862239
35721870962
26664650945
31302086167
16501762341
3667950242
2857352733
13833493882
31093659950
3743015179
30790602735
41548297500
18005002129
6557973444
32973543472
578948385
25708722940
12280698604
2504495944
10082261514
87099432
6130318251
2123688069
24628894639
6808258359
32000478195
8412828076
534723237
34829764427
22749448927
15308334410
8047860540
913016506
15924220523
6261618664
24874095133
39542038445
13458436458
16045417866
13400313904
21099536078
13999738920
36844365154
32592106403
3501016850
32843063051
30338986345
9892954653
21953063431
12753833775
3797285824
2093575413
17667499092
13957691253
3434879288
16800422613
21123245752
9022912995
2427767351
2375952862
36349044761
8098033507
28901912926
14996397562
39623580578
338062907
33768496922
43542946921
29420672937
6501096920
28609764910
34554688992
250258908
1866587244
38666979596
10616728603
5104850369
38089352019
19754322993
7115351821
36482297159
2778929666
30245476478
9718517214
26498129538
16433690630
3315090794
28854707515
8294515352
29612598431
2968869241
6828494277
27640355497
4847572528
32242581743
12123715955
27071620190
2121273230
13704973881
23660507225
11675382166
22988993982
15139624785
24182959483
13456271521
44048253455
10830455350
12415252321
36984284454
13130790255
12892335772
16740137276
1859442199
29557902545
28493696849
2078783510
5525934022
14382032733
13006848793
7430221138
4321703051
12322813671
12650789978
15291617702
9068545997
14791259113
32599465374
22499097443
25033590599
16130433144
10526438424
27435102975
19556355562
9352134748
15817796140
621543731
5619437016
18156148182
7892792353
17381529939
39516088833
12272564978
21017889368
13159028322
1584878040
14409300503
7013276997
36705058604
21009209873
17919850444
11232726910
455966120
44590686238
13524713045
15372360524
46919027096
11200469630
4035525152
37972308641
29632091482
314553698
40639929176
995358675
6755041309
24365526005
38797158691
25305314595
5743117181
6092068036
28185168922
956598553
37262044903
13876543030
10698070040
12130577972
45400879128
16096003786
36268370440
27462076702
26411887395
18184098385
3178894921
105140230
8651511077
24939244210
14045874359
2213833572
1932592997
23682617864
14456258271
39642604969
17951871956
90102762
34137386964
19020705311
23011961355
6040759166
23497068946
25431833629
4444875092
36577757924
7023269410
5680729351
2269694639
15933789022
1904724844
16785818584
2843781562
28894179695
19440428742
17343911874
14241219769
16161288968
5622496766
780383469
5403578961
44253045514
15358399954
16773958807
23958915517
28405677576
22312738096
2569636763
11898296244
4257662724
43698489848
6945538158
22719376842
2789182780
3080542417
4260919306
22018647545
37890510578
40766560284
9225187230
25908104601
3876922561
8307966807
5309380019
19095315301
13292774750
18829049513
18972719289
10360554060
25303584742
19761502366
8189777014
7052025878
11427085761
39024684266
12660070554
24153200080
4831812127
28471367222
4664796294
5841905168
22680974032
33164271427
32987595711
17403250325
16972900427
43937494401
10013700550
8984946166
6639829549
13063221388
14226802553
28902032152
18878795442
10441285629
6640274132
6903880628
13135394622
13412550
14121574708
1569229413
30956584607
18454989719
6262675089
7113011625
6514860998
41694421067
33834887469
23677819504
17076570910
29464374401
4230735545
13457593280
2055925259
35650872054
10101247491
15126161864
1420633412
1822890571
16734210375
2071872855
11092574564
42247387746
19141451123
24423716944
12020485083
8169047570
404246436
25593675962
11686257785
23079880228
3253949131
18644421984
21526166637
19825116937
19696716068
3211649976
14393572909
17605875579
4433159419
38538787708
1129265312
34290420735
18037445263
35139839857
23282803087
33171497323
18966185097
37352299708
28855159943
35260206581
3017403977
16445897064
18740932423
37268058523
1145554416
4129165912
30722369286
44420641865
7531951556
1651862687
40161995364
13447650373
8951453953
26125671394
1839358587
14015837710
12255351886
6642438598
5465816619
3874103374
5115862277
31963801607
7110547055
18544274395
1619913715
26041788152
14190419068
30852434822
8083468736
4082499333
17099600907
8026624451
8504119838
31553347487
20316013316
18709024703
12384084606
40854591565
27218465188
17076433393
18514706807
19668186560
12418800682
30534837360
11819698963
36653119736
28719205627
15486425737
14753841823
17479332903
33684974260
18928249456
10773256493
3183348357
20949624435
29668150142
22179266426
14877765809
5930820209
10643437699
20743563456
9124274143
2162562116
17788356066
9667533849
1942539440
48421215062
8368339886
10986363187
27901787105
9727636881
4697441976
4410954151
19811434650
18910672620
5468501748
25153170349
16831440006
14401377669
4231483908
17906090035
11958781866
27428884533
20742215153
22123115270
9783731777
17283404363
4519895817
29732227
11025521547
9058348068
8897476528
463871739
37314772401
2433033710
19654244520
16862213478
7682072224
19413598619
23855960769
1630173693
313808997
6491429993
11485543582
37125522543
3588727405
26734682573
3906561626
27058655241
11997422143
42683931311
20663407987
4148427445
16452343223
14910614039
4231548605
9821088459
9277993594
12573742961
987009686
24999243525
10435476402
2096799316
1851586773
8945677082
15324523909
23807020984
18177278771
28130658426
24862714003
316817614
6692493783
34460869547
26403789832
9678480717
16032815153
15423897503
15362191796
688886209
7521603036
16127464647
8429108644
41911271996
15800458600
3682094095
10971561865
17258051127
27322383022
22547204486
13894124023
10347874434
