227
1150
541
976
1086
24
916
1696
4066
1480
1493
1557
1835
2391
3311
1205
1192
2718
4434
311
2379
715
1814
2734
2381
2638
2730
3763
2632
936
2295
2375
1049
4313
1913
3215
1814
686
319
143
350
791
2428
1912
4732
811
1824
4255
577
2531
3127
588
2351
1976
915
913
532
2351
2454
2682
2002
1671
1691
3612
2236
1636
845
879
1244
2116
1301
1501
913
1444
3922
1049
217
3158
491
3237
1418
4307
1576
4100
209
3116
2001
92
704
3324
2357
1326
1484
761
1512
679
1839
849
924
2801
620
802
187
4081
3927
351
1002
682
2718
1216
2111
1622
184
740
2169
1781
1821
1837
3711
1527
745
410
742
2674
1513
2175
212
3632
2585
2469
3957
1691
1126
3167
572
1972
725
1787
606
2973
196
302
390
3861
822
4853
195
992
2415
1067
1466
4332
302
2481
3136
3076
1353
3081
16
217
2404
1612
1743
2687
3584
382
934
2712
297
815
1688
2269
1734
4220
1698
2255
2665
2485
719
2684
228
1144
234
195
77
224
2903
3672
1138
3532
209
671
266
2942
1801
1737
3265
1339
556
1555
613
1098
2768
3780
927
2782
1610
3406
3662
2433
1515
489
1720
369
1020
1080
3078
2012
1546
1546
1625
455
3711
270
4023
2188
364
1717
1380
2102
425
2473
862
623
1543
3738
1305
912
1847
971
2172
1712
1682
2364
510
3843
2417
3831
2928
181
1926
3513
682
3962
1491
6
925
3289
2708
485
1257
1425
262
327
837
4180
1887
2371
258
483
2182
2033
556
658
1160
4267
932
1344
3321
362
376
1655
1221
564
3081
3761
3405
3972
1166
1747
1986
2849
551
1495
1961
150
2028
2759
2945
2384
1027
351
4266
772
2189
1839
980
2586
1848
403
3137
1690
1614
404
3356
2201
1194
1853
2559
1114
2021
1722
392
149
287
3350
2435
745
2054
317
2638
1611
2264
2521
1781
1667
2171
364
554
912
2310
599
2323
1227
1218
1774
426
544
484
706
2650
2414
3439
1027
3137
2716
1216
1020
2127
103
754
956
1340
253
4016
229
60
1385
786
592
706
2382
1970
1307
2046
1834
2600
1084
1594
2614
1218
249
1027
3932
1976
241
181
3663
1733
2875
2034
1499
2730
1062
1887
1058
535
3320
1746
4362
3613
532
802
1360
1279
2572
1812
2649
1542
2783
403
106
1968
485
3776
1402
3683
594
3231
515
3149
4357
805
2293
1657
239
2415
1937
2760
3841
805
273
1625
2168
2091
2357
2417
4203
340
1713
1824
820
791
576
576
1084
932
2248
1972
2074
323
3475
916
758
394
3005
744
6
3425
351
309
1471
269
2267
447
1977
3897
874
927
925
2219
574
763
2346
2062
594
1395
1729
2303
663
524
303
3388
4530
1144
257
2106
2994
258
3000
3989
1118
748
1243
1364
1074
636
311
891
300
