3941
758
824
218
1233
214
2216
1954
486
2340
1247
2602
1289
800
1877
1456
1838
348
642
1357
305
2485
4193
1978
3215
998
4830
720
3305
756
1504
640
1134
2685
625
360
2692
2688
840
46
3151
657
3388
550
221
619
768
4040
2289
2021
3178
3137
255
406
1071
2759
839
55
386
4235
1701
595
547
2933
156
698
1769
4040
961
1470
3753
1298
3234
820
3937
351
2424
108
771
1650
2198
860
2066
1563
353
573
839
840
1922
3597
559
406
501
1609
5068
980
1734
2274
2634
439
714
3613
721
513
1165
2650
1739
890
2355
188
2530
1261
2514
2110
1310
329
3857
1943
1073
1264
202
2218
2764
1575
1641
3767
3006
1221
1167
2241
1517
1701
2369
4090
3725
1485
943
723
1405
949
4112
423
606
4199
1167
3215
317
905
701
4220
2748
2021
364
3540
716
694
1067
747
470
4112
1671
2699
1525
152
1787
4322
121
3231
164
1901
1954
852
1209
2987
1641
1579
1788
408
2420
960
1001
369
3725
218
766
3172
982
1717
2455
2978
146
581
1178
2366
2819
2794
194
184
1430
2071
4224
2048
453
1653
2696
4850
3826
711
354
3983
2338
2213
1702
307
523
3994
1057
1207
73
1414
1612
1543
366
1870
1264
1746
2699
3080
1180
593
203
902
61
1776
1820
1579
2817
1016
5048
2267
4521
3730
221
849
139
1661
1837
2721
3136
2571
2021
3479
2312
3471
1309
3692
3417
660
2748
4733
1473
865
257
3909
257
1366
1901
1750
517
323
351
1674
3044
3440
1912
2123
567
2182
1508
858
727
1836
1746
1710
1802
3597
3199
4627
199
1560
2477
905
3188
1504
1833
518
2315
1091
1823
1991
1211
1428
3321
2315
1661
1146
1375
988
927
407
1991
1996
1149
1860
3216
2693
729
2775
3680
3735
665
793
504
188
379
386
3008
518
1808
2277
3997
272
1922
1824
212
2473
2703
565
657
2792
2748
960
2448
2262
1084
1464
1984
501
1363
617
1008
379
4910
2758
3288
353
1570
549
2492
530
172
929
4751
218
838
3496
1138
1835
612
2221
1171
860
2558
1219
2904
665
915
201
2366
2775
379
234
3709
3385
4531
1143
214
524
124
2315
1071
354
935
313
163
1870
2558
1319
238
2546
1010
3540
552
2654
3528
406
845
3168
2003
3704
67
1727
3475
3969
701
3318
2154
1754
897
202
133
2654
1615
1930
2395
945
1291
1301
747
864
3177
232
626
133
1677
920
3320
2802
4348
626
697
1107
3605
1050
1952
2056
1799
1542
2423
87
1834
1384
624
1968
1987
2132
3523
287
1350
2275
230
3608
2760
839
452
832
820
1653
424
1546
3844
3234
714
1639
1167
998
571
256
693
1412
2263
1235
2364
1807
2956
699
3681
741
3475
1339
1581
252
714
3870
2448
4183
541
3533
2086
3043
