168
2980
1636
4919
2790
2463
332
8333
105
3382
2890
1393
137
1140
1390
2908
3739
1700
4795
4315
3217
5084
2147
4087
5637
2989
5407
592
1981
1976
6946
1198
6078
1285
773
7030
3044
5658
4068
2689
984
6243
1622
2094
598
1511
5925
6312
5008
1318
534
4682
4539
97
1598
4839
3373
2978
2430
804
1795
1187
3865
1661
1577
5628
6403
3228
4982
1869
7261
2356
2913
2960
2174
3990
981
6614
7265
3381
5155
1359
4921
881
1829
1200
4147
1846
1793
6052
1213
805
1760
1541
4469
1541
6007
1540
3645
2051
2752
1269
4271
2515
4479
8008
1213
1689
8107
6842
5722
1578
3091
824
4458
6748
1088
383
873
2949
5631
1847
4281
3943
3614
5515
873
6439
4311
6841
3112
4800
2356
7425
1354
2109
833
961
2307
7904
7629
2815
567
4548
4239
348
8697
4614
2382
1426
